0 verbose cli /usr/local/bin/node /usr/local/lib/node_modules/npm/bin/npm-cli.js
1 info using npm@8.11.0
2 info using node@v16.16.0
3 timing npm:load:whichnode Completed in 0ms
4 timing config:load:defaults Completed in 2ms
5 timing config:load:file:/usr/local/lib/node_modules/npm/npmrc Completed in 1ms
6 timing config:load:builtin Completed in 1ms
7 timing config:load:cli Completed in 2ms
8 timing config:load:env Completed in 0ms
9 timing config:load:project Completed in 5ms
10 timing config:load:file:/home/jeanlp/.npmrc Completed in 0ms
11 timing config:load:user Completed in 0ms
12 timing config:load:file:/usr/local/etc/npmrc Completed in 1ms
13 timing config:load:global Completed in 1ms
14 timing config:load:validate Completed in 0ms
15 timing config:load:credentials Completed in 1ms
16 timing config:load:setEnvs Completed in 1ms
17 timing config:load Completed in 14ms
18 timing npm:load:configload Completed in 14ms
19 timing npm:load:mkdirpcache Completed in 4ms
20 timing npm:load:mkdirplogs Completed in 1ms
21 verbose title npm exec create-react-app test
22 verbose argv "exec" "--" "create-react-app" "test"
23 timing npm:load:setTitle Completed in 1ms
24 timing config:load:flatten Completed in 3ms
25 timing npm:load:display Completed in 4ms
26 verbose logfile logs-max:10 dir:/home/jeanlp/.npm/_logs
27 verbose logfile /home/jeanlp/.npm/_logs/2022-07-09T13_20_32_419Z-debug-0.log
28 timing npm:load:logFile Completed in 4ms
29 timing npm:load:timers Completed in 0ms
30 timing npm:load:configScope Completed in 0ms
31 timing npm:load Completed in 30ms
32 silly logfile done cleaning log files
33 timing arborist:ctor Completed in 0ms
34 http fetch GET 200 https://registry.npmjs.org/npm 422ms (cache miss)
35 http fetch GET 200 https://registry.npmjs.org/create-react-app 427ms (cache revalidated)
36 timing arborist:ctor Completed in 0ms
37 timing arborist:ctor Completed in 1ms
38 timing idealTree:init Completed in 5ms
39 timing idealTree:userRequests Completed in 1ms
40 silly idealTree buildDeps
41 silly fetch manifest create-react-app@*
42 http fetch GET 200 https://registry.npmjs.org/create-react-app 7ms (cache hit)
43 silly placeDep ROOT create-react-app@5.0.1 OK for:  want: *
44 silly fetch manifest chalk@^4.1.2
45 silly fetch manifest commander@^4.1.1
46 silly fetch manifest cross-spawn@^7.0.3
47 silly fetch manifest envinfo@^7.8.1
48 silly fetch manifest fs-extra@^10.0.0
49 silly fetch manifest hyperquest@^2.1.3
50 silly fetch manifest prompts@^2.4.2
51 silly fetch manifest semver@^7.3.5
52 silly fetch manifest tar-pack@^3.4.1
53 silly fetch manifest tmp@^0.2.1
54 silly fetch manifest validate-npm-package-name@^3.0.0
55 http fetch GET 200 https://registry.npmjs.org/validate-npm-package-name 58ms (cache hit)
56 http fetch GET 200 https://registry.npmjs.org/envinfo 64ms (cache hit)
57 http fetch GET 200 https://registry.npmjs.org/prompts 65ms (cache hit)
58 http fetch GET 200 https://registry.npmjs.org/tmp 64ms (cache hit)
59 http fetch GET 200 https://registry.npmjs.org/fs-extra 68ms (cache hit)
60 http fetch GET 200 https://registry.npmjs.org/chalk 75ms (cache revalidated)
61 http fetch GET 200 https://registry.npmjs.org/semver 122ms (cache revalidated)
62 http fetch GET 200 https://registry.npmjs.org/cross-spawn 134ms (cache revalidated)
63 http fetch GET 200 https://registry.npmjs.org/commander 144ms (cache revalidated)
64 http fetch GET 200 https://registry.npmjs.org/tar-pack 350ms (cache revalidated)
65 http fetch GET 200 https://registry.npmjs.org/hyperquest 367ms (cache revalidated)
66 timing idealTree:#root Completed in 387ms
67 silly placeDep ROOT chalk@4.1.2 OK for: create-react-app@5.0.1 want: ^4.1.2
68 silly placeDep ROOT commander@4.1.1 OK for: create-react-app@5.0.1 want: ^4.1.1
69 silly placeDep ROOT cross-spawn@7.0.3 OK for: create-react-app@5.0.1 want: ^7.0.3
70 silly placeDep ROOT envinfo@7.8.1 OK for: create-react-app@5.0.1 want: ^7.8.1
71 silly placeDep ROOT fs-extra@10.1.0 OK for: create-react-app@5.0.1 want: ^10.0.0
72 silly placeDep ROOT hyperquest@2.1.3 OK for: create-react-app@5.0.1 want: ^2.1.3
73 silly placeDep ROOT prompts@2.4.2 OK for: create-react-app@5.0.1 want: ^2.4.2
74 silly placeDep ROOT semver@7.3.7 OK for: create-react-app@5.0.1 want: ^7.3.5
75 silly placeDep ROOT tar-pack@3.4.1 OK for: create-react-app@5.0.1 want: ^3.4.1
76 silly placeDep ROOT tmp@0.2.1 OK for: create-react-app@5.0.1 want: ^0.2.1
77 silly placeDep ROOT validate-npm-package-name@3.0.0 OK for: create-react-app@5.0.1 want: ^3.0.0
78 silly fetch manifest ansi-styles@^4.1.0
79 silly fetch manifest supports-color@^7.1.0
80 silly fetch manifest path-key@^3.1.0
81 silly fetch manifest shebang-command@^2.0.0
82 silly fetch manifest which@^2.0.1
83 silly fetch manifest graceful-fs@^4.2.0
84 silly fetch manifest jsonfile@^6.0.1
85 silly fetch manifest universalify@^2.0.0
86 silly fetch manifest buffer-from@^0.1.1
87 silly fetch manifest duplexer2@~0.0.2
88 silly fetch manifest through2@~0.6.3
89 silly fetch manifest kleur@^3.0.3
90 silly fetch manifest sisteransi@^1.0.5
91 silly fetch manifest lru-cache@^6.0.0
92 silly fetch manifest debug@^2.2.0
93 silly fetch manifest fstream@^1.0.10
94 silly fetch manifest fstream-ignore@^1.0.5
95 silly fetch manifest once@^1.3.3
96 silly fetch manifest readable-stream@^2.1.4
97 silly fetch manifest rimraf@^2.5.1
98 silly fetch manifest tar@^2.2.1
99 silly fetch manifest uid-number@^0.0.6
100 silly fetch manifest rimraf@^3.0.0
101 silly fetch manifest builtins@^1.0.3
102 http fetch GET 200 https://registry.npmjs.org/which 143ms (cache hit)
103 http fetch GET 200 https://registry.npmjs.org/graceful-fs 143ms (cache hit)
104 http fetch GET 200 https://registry.npmjs.org/jsonfile 145ms (cache hit)
105 http fetch GET 200 https://registry.npmjs.org/universalify 145ms (cache hit)
106 http fetch GET 200 https://registry.npmjs.org/kleur 142ms (cache hit)
107 http fetch GET 200 https://registry.npmjs.org/sisteransi 142ms (cache hit)
108 http fetch GET 200 https://registry.npmjs.org/tar 134ms (cache hit)
109 http fetch GET 200 https://registry.npmjs.org/builtins 136ms (cache hit)
110 http fetch GET 200 https://registry.npmjs.org/path-key 164ms (cache revalidated)
111 http fetch GET 200 https://registry.npmjs.org/ansi-styles 166ms (cache revalidated)
112 http fetch GET 200 https://registry.npmjs.org/shebang-command 166ms (cache revalidated)
113 http fetch GET 200 https://registry.npmjs.org/supports-color 168ms (cache revalidated)
114 http fetch GET 200 https://registry.npmjs.org/buffer-from 169ms (cache revalidated)
115 http fetch GET 200 https://registry.npmjs.org/readable-stream 173ms (cache revalidated)
116 http fetch GET 200 https://registry.npmjs.org/lru-cache 185ms (cache revalidated)
117 http fetch GET 200 https://registry.npmjs.org/debug 190ms (cache revalidated)
118 http fetch GET 200 https://registry.npmjs.org/once 190ms (cache revalidated)
119 http fetch GET 200 https://registry.npmjs.org/rimraf 187ms (cache revalidated)
120 http fetch GET 200 https://registry.npmjs.org/through2 203ms (cache revalidated)
121 http fetch GET 200 https://registry.npmjs.org/rimraf 197ms (cache revalidated)
122 http fetch GET 200 https://registry.npmjs.org/fstream 494ms (cache revalidated)
123 http fetch GET 200 https://registry.npmjs.org/duplexer2 984ms (cache revalidated)
124 http fetch GET 200 https://registry.npmjs.org/fstream-ignore 1053ms (cache revalidated)
125 http fetch GET 200 https://registry.npmjs.org/uid-number 1098ms (cache revalidated)
126 timing idealTree:node_modules/create-react-app Completed in 1139ms
127 silly placeDep ROOT ansi-styles@4.3.0 OK for: chalk@4.1.2 want: ^4.1.0
128 silly placeDep ROOT supports-color@7.2.0 OK for: chalk@4.1.2 want: ^7.1.0
129 silly fetch manifest color-convert@^2.0.1
130 silly fetch manifest has-flag@^4.0.0
131 http fetch GET 200 https://registry.npmjs.org/color-convert 40ms (cache revalidated)
132 http fetch GET 200 https://registry.npmjs.org/has-flag 75ms (cache revalidated)
133 timing idealTree:node_modules/chalk Completed in 80ms
134 silly placeDep ROOT color-convert@2.0.1 OK for: ansi-styles@4.3.0 want: ^2.0.1
135 silly fetch manifest color-name@~1.1.4
136 http fetch GET 200 https://registry.npmjs.org/color-name 73ms (cache revalidated)
137 timing idealTree:node_modules/ansi-styles Completed in 76ms
138 silly placeDep ROOT color-name@1.1.4 OK for: color-convert@2.0.1 want: ~1.1.4
139 timing idealTree:node_modules/color-convert Completed in 1ms
140 timing idealTree:node_modules/color-name Completed in 0ms
141 timing idealTree:node_modules/commander Completed in 0ms
142 silly placeDep ROOT path-key@3.1.1 OK for: cross-spawn@7.0.3 want: ^3.1.0
143 silly placeDep ROOT shebang-command@2.0.0 OK for: cross-spawn@7.0.3 want: ^2.0.0
144 silly placeDep ROOT which@2.0.2 OK for: cross-spawn@7.0.3 want: ^2.0.1
145 silly fetch manifest shebang-regex@^3.0.0
146 silly fetch manifest isexe@^2.0.0
147 http fetch GET 200 https://registry.npmjs.org/isexe 39ms (cache revalidated)
148 http fetch GET 200 https://registry.npmjs.org/shebang-regex 47ms (cache revalidated)
149 timing idealTree:node_modules/cross-spawn Completed in 54ms
150 timing idealTree:node_modules/envinfo Completed in 0ms
151 silly placeDep ROOT graceful-fs@4.2.10 OK for: fs-extra@10.1.0 want: ^4.2.0
152 silly placeDep ROOT jsonfile@6.1.0 OK for: fs-extra@10.1.0 want: ^6.0.1
153 silly placeDep ROOT universalify@2.0.0 OK for: fs-extra@10.1.0 want: ^2.0.0
154 timing idealTree:node_modules/fs-extra Completed in 4ms
155 timing idealTree:node_modules/graceful-fs Completed in 0ms
156 silly placeDep ROOT buffer-from@0.1.2 OK for: hyperquest@2.1.3 want: ^0.1.1
157 silly placeDep ROOT duplexer2@0.0.2 OK for: hyperquest@2.1.3 want: ~0.0.2
158 silly placeDep ROOT through2@0.6.5 OK for: hyperquest@2.1.3 want: ~0.6.3
159 silly fetch manifest readable-stream@~1.1.9
160 silly fetch manifest readable-stream@>=1.0.33-1 <1.1.0-0
161 silly fetch manifest xtend@>=4.0.0 <4.1.0-0
162 http fetch GET 200 https://registry.npmjs.org/xtend 8ms (cache hit)
163 timing idealTree:node_modules/hyperquest Completed in 13ms
164 timing idealTree:node_modules/buffer-from Completed in 0ms
165 silly placeDep ROOT readable-stream@1.1.14 OK for: duplexer2@0.0.2 want: ~1.1.9
166 silly fetch manifest core-util-is@~1.0.0
167 silly fetch manifest isarray@0.0.1
168 silly fetch manifest string_decoder@~0.10.x
169 silly fetch manifest inherits@~2.0.1
170 http fetch GET 200 https://registry.npmjs.org/inherits 49ms (cache revalidated)
171 http fetch GET 200 https://registry.npmjs.org/string_decoder 50ms (cache revalidated)
172 http fetch GET 200 https://registry.npmjs.org/core-util-is 54ms (cache revalidated)
173 http fetch GET 200 https://registry.npmjs.org/isarray 56ms (cache revalidated)
174 timing idealTree:node_modules/duplexer2 Completed in 61ms
175 timing idealTree:node_modules/jsonfile Completed in 0ms
176 timing idealTree:node_modules/path-key Completed in 0ms
177 silly placeDep ROOT kleur@3.0.3 OK for: prompts@2.4.2 want: ^3.0.3
178 silly placeDep ROOT sisteransi@1.0.5 OK for: prompts@2.4.2 want: ^1.0.5
179 timing idealTree:node_modules/prompts Completed in 2ms
180 timing idealTree:node_modules/kleur Completed in 0ms
181 silly placeDep ROOT core-util-is@1.0.3 OK for: readable-stream@1.1.14 want: ~1.0.0
182 silly placeDep ROOT inherits@2.0.4 OK for: readable-stream@1.1.14 want: ~2.0.1
183 silly placeDep ROOT isarray@0.0.1 OK for: readable-stream@1.1.14 want: 0.0.1
184 silly placeDep ROOT string_decoder@0.10.31 OK for: readable-stream@1.1.14 want: ~0.10.x
185 timing idealTree:node_modules/readable-stream Completed in 3ms
186 timing idealTree:node_modules/core-util-is Completed in 0ms
187 timing idealTree:node_modules/inherits Completed in 0ms
188 timing idealTree:node_modules/isarray Completed in 0ms
189 silly placeDep ROOT lru-cache@6.0.0 OK for: semver@7.3.7 want: ^6.0.0
190 silly fetch manifest yallist@^4.0.0
191 http fetch GET 200 https://registry.npmjs.org/yallist 5ms (cache hit)
192 timing idealTree:node_modules/semver Completed in 7ms
193 silly placeDep ROOT yallist@4.0.0 OK for: lru-cache@6.0.0 want: ^4.0.0
194 timing idealTree:node_modules/lru-cache Completed in 1ms
195 silly placeDep ROOT shebang-regex@3.0.0 OK for: shebang-command@2.0.0 want: ^3.0.0
196 timing idealTree:node_modules/shebang-command Completed in 1ms
197 timing idealTree:node_modules/shebang-regex Completed in 0ms
198 timing idealTree:node_modules/sisteransi Completed in 0ms
199 timing idealTree:node_modules/string_decoder Completed in 0ms
200 silly placeDep ROOT has-flag@4.0.0 OK for: supports-color@7.2.0 want: ^4.0.0
201 timing idealTree:node_modules/supports-color Completed in 1ms
202 timing idealTree:node_modules/has-flag Completed in 0ms
203 silly placeDep ROOT debug@2.6.9 OK for: tar-pack@3.4.1 want: ^2.2.0
204 silly placeDep ROOT fstream@1.0.12 OK for: tar-pack@3.4.1 want: ^1.0.10
205 silly placeDep ROOT fstream-ignore@1.0.5 OK for: tar-pack@3.4.1 want: ^1.0.5
206 silly placeDep ROOT once@1.4.0 OK for: tar-pack@3.4.1 want: ^1.3.3
207 silly placeDep node_modules/tar-pack readable-stream@2.3.7 OK for: tar-pack@3.4.1 want: ^2.1.4
208 silly placeDep ROOT rimraf@2.7.1 OK for: tar-pack@3.4.1 want: ^2.5.1
209 silly placeDep ROOT tar@2.2.2 OK for: tar-pack@3.4.1 want: ^2.2.1
210 silly placeDep ROOT uid-number@0.0.6 OK for: tar-pack@3.4.1 want: ^0.0.6
211 silly fetch manifest ms@2.0.0
212 silly fetch manifest mkdirp@>=0.5 0
213 silly fetch manifest minimatch@^3.0.0
214 silly fetch manifest wrappy@1
215 silly fetch manifest isarray@~1.0.0
216 silly fetch manifest process-nextick-args@~2.0.0
217 silly fetch manifest safe-buffer@~5.1.1
218 silly fetch manifest string_decoder@~1.1.1
219 silly fetch manifest util-deprecate@~1.0.1
220 silly fetch manifest glob@^7.1.3
221 silly fetch manifest block-stream@*
222 http fetch GET 200 https://registry.npmjs.org/mkdirp 36ms (cache hit)
223 http fetch GET 200 https://registry.npmjs.org/block-stream 33ms (cache hit)
224 http fetch GET 200 https://registry.npmjs.org/glob 52ms (cache revalidated)
225 http fetch GET 200 https://registry.npmjs.org/safe-buffer 59ms (cache revalidated)
226 http fetch GET 200 https://registry.npmjs.org/minimatch 64ms (cache revalidated)
227 http fetch GET 200 https://registry.npmjs.org/ms 71ms (cache revalidated)
228 http fetch GET 200 https://registry.npmjs.org/process-nextick-args 69ms (cache revalidated)
229 http fetch GET 200 https://registry.npmjs.org/util-deprecate 70ms (cache revalidated)
230 http fetch GET 200 https://registry.npmjs.org/wrappy 962ms (cache revalidated)
231 timing idealTree:node_modules/tar-pack Completed in 977ms
232 silly placeDep ROOT ms@2.0.0 OK for: debug@2.6.9 want: 2.0.0
233 timing idealTree:node_modules/debug Completed in 1ms
234 silly placeDep ROOT mkdirp@0.5.6 OK for: fstream@1.0.12 want: >=0.5 0
235 silly fetch manifest minimist@^1.2.6
236 http fetch GET 200 https://registry.npmjs.org/minimist 32ms (cache revalidated)
237 timing idealTree:node_modules/fstream Completed in 34ms
238 silly placeDep ROOT minimatch@3.1.2 OK for: fstream-ignore@1.0.5 want: ^3.0.0
239 silly fetch manifest brace-expansion@^1.1.7
240 http fetch GET 200 https://registry.npmjs.org/brace-expansion 61ms (cache revalidated)
241 timing idealTree:node_modules/fstream-ignore Completed in 64ms
242 silly placeDep ROOT brace-expansion@1.1.11 OK for: minimatch@3.1.2 want: ^1.1.7
243 silly fetch manifest balanced-match@^1.0.0
244 silly fetch manifest concat-map@0.0.1
245 http fetch GET 200 https://registry.npmjs.org/balanced-match 43ms (cache revalidated)
246 http fetch GET 200 https://registry.npmjs.org/concat-map 42ms (cache revalidated)
247 timing idealTree:node_modules/minimatch Completed in 46ms
248 silly placeDep ROOT balanced-match@1.0.2 OK for: brace-expansion@1.1.11 want: ^1.0.0
249 silly placeDep ROOT concat-map@0.0.1 OK for: brace-expansion@1.1.11 want: 0.0.1
250 timing idealTree:node_modules/brace-expansion Completed in 3ms
251 timing idealTree:node_modules/balanced-match Completed in 1ms
252 timing idealTree:node_modules/concat-map Completed in 0ms
253 silly placeDep ROOT minimist@1.2.6 OK for: mkdirp@0.5.6 want: ^1.2.6
254 timing idealTree:node_modules/mkdirp Completed in 1ms
255 timing idealTree:node_modules/minimist Completed in 0ms
256 timing idealTree:node_modules/ms Completed in 0ms
257 silly placeDep ROOT wrappy@1.0.2 OK for: once@1.4.0 want: 1
258 timing idealTree:node_modules/once Completed in 1ms
259 silly placeDep ROOT glob@7.2.3 OK for: rimraf@2.7.1 want: ^7.1.3
260 silly fetch manifest fs.realpath@^1.0.0
261 silly fetch manifest inflight@^1.0.4
262 silly fetch manifest path-is-absolute@^1.0.0
263 http fetch GET 200 https://registry.npmjs.org/fs.realpath 44ms (cache revalidated)
264 http fetch GET 200 https://registry.npmjs.org/inflight 44ms (cache revalidated)
265 http fetch GET 200 https://registry.npmjs.org/path-is-absolute 52ms (cache revalidated)
266 timing idealTree:node_modules/rimraf Completed in 56ms
267 silly placeDep ROOT fs.realpath@1.0.0 OK for: glob@7.2.3 want: ^1.0.0
268 silly placeDep ROOT inflight@1.0.6 OK for: glob@7.2.3 want: ^1.0.4
269 silly placeDep ROOT path-is-absolute@1.0.1 OK for: glob@7.2.3 want: ^1.0.0
270 timing idealTree:node_modules/glob Completed in 3ms
271 timing idealTree:node_modules/fs.realpath Completed in 0ms
272 timing idealTree:node_modules/inflight Completed in 0ms
273 timing idealTree:node_modules/path-is-absolute Completed in 0ms
274 silly placeDep ROOT block-stream@0.0.9 OK for: tar@2.2.2 want: *
275 timing idealTree:node_modules/tar Completed in 1ms
276 timing idealTree:node_modules/block-stream Completed in 0ms
277 silly placeDep node_modules/through2 readable-stream@1.0.34 OK for: through2@0.6.5 want: >=1.0.33-1 <1.1.0-0
278 silly placeDep ROOT xtend@4.0.2 OK for: through2@0.6.5 want: >=4.0.0 <4.1.0-0
279 timing idealTree:node_modules/through2 Completed in 2ms
280 silly placeDep node_modules/tmp rimraf@3.0.2 OK for: tmp@0.2.1 want: ^3.0.0
281 timing idealTree:node_modules/tmp Completed in 1ms
282 timing idealTree:node_modules/uid-number Completed in 0ms
283 timing idealTree:node_modules/universalify Completed in 0ms
284 silly placeDep ROOT builtins@1.0.3 OK for: validate-npm-package-name@3.0.0 want: ^1.0.3
285 timing idealTree:node_modules/validate-npm-package-name Completed in 1ms
286 timing idealTree:node_modules/builtins Completed in 0ms
287 silly placeDep ROOT isexe@2.0.0 OK for: which@2.0.2 want: ^2.0.0
288 timing idealTree:node_modules/which Completed in 0ms
289 timing idealTree:node_modules/isexe Completed in 0ms
290 timing idealTree:node_modules/wrappy Completed in 0ms
291 timing idealTree:node_modules/xtend Completed in 0ms
292 timing idealTree:node_modules/yallist Completed in 0ms
293 silly placeDep node_modules/tar-pack isarray@1.0.0 OK for: readable-stream@2.3.7 want: ~1.0.0
294 silly placeDep ROOT process-nextick-args@2.0.1 OK for: readable-stream@2.3.7 want: ~2.0.0
295 silly placeDep ROOT safe-buffer@5.1.2 OK for: readable-stream@2.3.7 want: ~5.1.1
296 silly placeDep node_modules/tar-pack string_decoder@1.1.1 OK for: readable-stream@2.3.7 want: ~1.1.1
297 silly placeDep ROOT util-deprecate@1.0.2 OK for: readable-stream@2.3.7 want: ~1.0.1
298 timing idealTree:node_modules/tar-pack/node_modules/readable-stream Completed in 5ms
299 timing idealTree:node_modules/process-nextick-args Completed in 0ms
300 timing idealTree:node_modules/safe-buffer Completed in 0ms
301 timing idealTree:node_modules/util-deprecate Completed in 0ms
302 timing idealTree:node_modules/tar-pack/node_modules/isarray Completed in 0ms
303 timing idealTree:node_modules/tar-pack/node_modules/string_decoder Completed in 0ms
304 timing idealTree:node_modules/through2/node_modules/readable-stream Completed in 0ms
305 timing idealTree:node_modules/tmp/node_modules/rimraf Completed in 0ms
306 timing idealTree:buildDeps Completed in 3034ms
307 timing idealTree:fixDepFlags Completed in 1ms
308 timing idealTree Completed in 3044ms
309 timing reify:loadTrees Completed in 3044ms
310 timing reify:diffTrees Completed in 2ms
311 silly reify moves {}
312 timing reify:retireShallow Completed in 1ms
313 timing reify:createSparse Completed in 29ms
314 timing reify:loadBundles Completed in 0ms
315 silly audit bulk request {
315 silly audit   'create-react-app': [ '5.0.1' ],
315 silly audit   chalk: [ '4.1.2' ],
315 silly audit   commander: [ '4.1.1' ],
315 silly audit   'cross-spawn': [ '7.0.3' ],
315 silly audit   envinfo: [ '7.8.1' ],
315 silly audit   'fs-extra': [ '10.1.0' ],
315 silly audit   hyperquest: [ '2.1.3' ],
315 silly audit   prompts: [ '2.4.2' ],
315 silly audit   semver: [ '7.3.7' ],
315 silly audit   'tar-pack': [ '3.4.1' ],
315 silly audit   tmp: [ '0.2.1' ],
315 silly audit   'validate-npm-package-name': [ '3.0.0' ],
315 silly audit   'ansi-styles': [ '4.3.0' ],
315 silly audit   'supports-color': [ '7.2.0' ],
315 silly audit   'color-convert': [ '2.0.1' ],
315 silly audit   'color-name': [ '1.1.4' ],
315 silly audit   'path-key': [ '3.1.1' ],
315 silly audit   'shebang-command': [ '2.0.0' ],
315 silly audit   which: [ '2.0.2' ],
315 silly audit   'graceful-fs': [ '4.2.10' ],
315 silly audit   jsonfile: [ '6.1.0' ],
315 silly audit   universalify: [ '2.0.0' ],
315 silly audit   'buffer-from': [ '0.1.2' ],
315 silly audit   duplexer2: [ '0.0.2' ],
315 silly audit   through2: [ '0.6.5' ],
315 silly audit   'readable-stream': [ '1.1.14', '2.3.7', '1.0.34' ],
315 silly audit   kleur: [ '3.0.3' ],
315 silly audit   sisteransi: [ '1.0.5' ],
315 silly audit   'core-util-is': [ '1.0.3' ],
315 silly audit   inherits: [ '2.0.4' ],
315 silly audit   isarray: [ '0.0.1', '1.0.0' ],
315 silly audit   string_decoder: [ '0.10.31', '1.1.1' ],
315 silly audit   'lru-cache': [ '6.0.0' ],
315 silly audit   yallist: [ '4.0.0' ],
315 silly audit   'shebang-regex': [ '3.0.0' ],
315 silly audit   'has-flag': [ '4.0.0' ],
315 silly audit   debug: [ '2.6.9' ],
315 silly audit   fstream: [ '1.0.12' ],
315 silly audit   'fstream-ignore': [ '1.0.5' ],
315 silly audit   once: [ '1.4.0' ],
315 silly audit   rimraf: [ '2.7.1', '3.0.2' ],
315 silly audit   tar: [ '2.2.2' ],
315 silly audit   'uid-number': [ '0.0.6' ],
315 silly audit   ms: [ '2.0.0' ],
315 silly audit   mkdirp: [ '0.5.6' ],
315 silly audit   minimatch: [ '3.1.2' ],
315 silly audit   'brace-expansion': [ '1.1.11' ],
315 silly audit   'balanced-match': [ '1.0.2' ],
315 silly audit   'concat-map': [ '0.0.1' ],
315 silly audit   minimist: [ '1.2.6' ],
315 silly audit   wrappy: [ '1.0.2' ],
315 silly audit   glob: [ '7.2.3' ],
315 silly audit   'fs.realpath': [ '1.0.0' ],
315 silly audit   inflight: [ '1.0.6' ],
315 silly audit   'path-is-absolute': [ '1.0.1' ],
315 silly audit   'block-stream': [ '0.0.9' ],
315 silly audit   xtend: [ '4.0.2' ],
315 silly audit   builtins: [ '1.0.3' ],
315 silly audit   isexe: [ '2.0.0' ],
315 silly audit   'process-nextick-args': [ '2.0.1' ],
315 silly audit   'safe-buffer': [ '5.1.2' ],
315 silly audit   'util-deprecate': [ '1.0.2' ]
315 silly audit }
316 timing reifyNode:node_modules/process-nextick-args Completed in 228ms
317 timing reifyNode:node_modules/path-is-absolute Completed in 229ms
318 timing reifyNode:node_modules/inflight Completed in 229ms
319 timing reifyNode:node_modules/brace-expansion Completed in 229ms
320 timing reifyNode:node_modules/ms Completed in 229ms
321 timing reifyNode:node_modules/wrappy Completed in 230ms
322 timing reifyNode:node_modules/once Completed in 232ms
323 timing reifyNode:node_modules/fstream-ignore Completed in 232ms
324 timing reifyNode:node_modules/buffer-from Completed in 232ms
325 timing reifyNode:node_modules/universalify Completed in 233ms
326 timing reifyNode:node_modules/shebang-command Completed in 234ms
327 timing reifyNode:node_modules/color-name Completed in 234ms
328 timing reifyNode:node_modules/block-stream Completed in 240ms
329 timing reifyNode:node_modules/uid-number Completed in 240ms
330 timing reifyNode:node_modules/has-flag Completed in 240ms
331 timing reifyNode:node_modules/shebang-regex Completed in 241ms
332 timing reifyNode:node_modules/lru-cache Completed in 241ms
333 timing reifyNode:node_modules/string_decoder Completed in 240ms
334 timing reifyNode:node_modules/core-util-is Completed in 240ms
335 timing reifyNode:node_modules/inherits Completed in 240ms
336 timing reifyNode:node_modules/kleur Completed in 240ms
337 timing reifyNode:node_modules/through2 Completed in 241ms
338 timing reifyNode:node_modules/path-key Completed in 241ms
339 timing reifyNode:node_modules/supports-color Completed in 240ms
340 timing reifyNode:node_modules/util-deprecate Completed in 247ms
341 timing reifyNode:node_modules/fs.realpath Completed in 246ms
342 timing reifyNode:node_modules/balanced-match Completed in 246ms
343 timing reifyNode:node_modules/rimraf Completed in 246ms
344 timing reifyNode:node_modules/yallist Completed in 246ms
345 timing reifyNode:node_modules/isarray Completed in 246ms
346 timing reifyNode:node_modules/sisteransi Completed in 246ms
347 timing reifyNode:node_modules/ansi-styles Completed in 246ms
348 timing reifyNode:node_modules/safe-buffer Completed in 251ms
349 timing reifyNode:node_modules/builtins Completed in 251ms
350 timing reifyNode:node_modules/xtend Completed in 251ms
351 timing reifyNode:node_modules/minimatch Completed in 251ms
352 timing reifyNode:node_modules/mkdirp Completed in 251ms
353 timing reifyNode:node_modules/which Completed in 251ms
354 timing reifyNode:node_modules/create-react-app Completed in 252ms
355 timing reifyNode:node_modules/tar-pack/node_modules/string_decoder Completed in 252ms
356 timing reifyNode:node_modules/jsonfile Completed in 254ms
357 timing reifyNode:node_modules/graceful-fs Completed in 254ms
358 timing reifyNode:node_modules/tmp/node_modules/rimraf Completed in 256ms
359 timing reifyNode:node_modules/tar-pack/node_modules/isarray Completed in 256ms
360 timing reifyNode:node_modules/concat-map Completed in 260ms
361 timing reifyNode:node_modules/color-convert Completed in 259ms
362 timing reifyNode:node_modules/isexe Completed in 264ms
363 timing reifyNode:node_modules/duplexer2 Completed in 263ms
364 timing reifyNode:node_modules/glob Completed in 266ms
365 timing reifyNode:node_modules/tmp Completed in 265ms
366 timing reifyNode:node_modules/chalk Completed in 266ms
367 timing reifyNode:node_modules/cross-spawn Completed in 268ms
368 timing reifyNode:node_modules/validate-npm-package-name Completed in 270ms
369 timing reifyNode:node_modules/commander Completed in 270ms
370 timing reifyNode:node_modules/envinfo Completed in 276ms
371 timing reifyNode:node_modules/tar-pack Completed in 286ms
372 timing reifyNode:node_modules/through2/node_modules/readable-stream Completed in 288ms
373 timing reifyNode:node_modules/debug Completed in 292ms
374 timing reifyNode:node_modules/readable-stream Completed in 291ms
375 timing reifyNode:node_modules/hyperquest Completed in 293ms
376 timing reifyNode:node_modules/minimist Completed in 298ms
377 timing reifyNode:node_modules/fstream Completed in 302ms
378 timing reifyNode:node_modules/tar-pack/node_modules/readable-stream Completed in 306ms
379 timing reifyNode:node_modules/fs-extra Completed in 320ms
380 timing reifyNode:node_modules/semver Completed in 322ms
381 timing reifyNode:node_modules/prompts Completed in 339ms
382 warn deprecated tar@2.2.2: This version of tar is no longer supported, and will not receive security updates. Please upgrade asap.
383 timing reifyNode:node_modules/tar Completed in 357ms
384 timing reify:unpack Completed in 359ms
385 timing reify:unretire Completed in 0ms
386 timing build:queue Completed in 5ms
387 timing build:link:node_modules/create-react-app Completed in 8ms
388 timing build:link:node_modules/tmp/node_modules/rimraf Completed in 6ms
389 timing build:link:node_modules/envinfo Completed in 7ms
390 timing build:link:node_modules/rimraf Completed in 7ms
391 timing build:link:node_modules/mkdirp Completed in 7ms
392 timing build:link:node_modules/which Completed in 6ms
393 timing build:link:node_modules/semver Completed in 7ms
394 timing build:link Completed in 8ms
395 timing build:deps Completed in 14ms
396 timing build Completed in 14ms
397 timing reify:build Completed in 14ms
398 timing reify:trash Completed in 0ms
399 timing reify:save Completed in 22ms
400 http fetch POST 200 https://registry.npmjs.org/-/npm/v1/security/advisories/bulk 804ms
401 timing auditReport:getReport Completed in 808ms
402 silly audit report {
402 silly audit report   tar: [
402 silly audit report     {
402 silly audit report       id: 1070363,
402 silly audit report       url: 'https://github.com/advisories/GHSA-5955-9wpr-37jh',
402 silly audit report       title: 'Arbitrary File Creation/Overwrite on Windows via insufficient relative path sanitization',
402 silly audit report       severity: 'high',
402 silly audit report       vulnerable_versions: '<4.4.18',
402 silly audit report       cwe: [Array],
402 silly audit report       cvss: [Object]
402 silly audit report     },
402 silly audit report     {
402 silly audit report       id: 1070366,
402 silly audit report       url: 'https://github.com/advisories/GHSA-qq89-hq3f-393p',
402 silly audit report       title: 'Arbitrary File Creation/Overwrite via insufficient symlink protection due to directory cache poisoning using symbolic links',
402 silly audit report       severity: 'high',
402 silly audit report       vulnerable_versions: '<4.4.18',
402 silly audit report       cwe: [Array],
402 silly audit report       cvss: [Object]
402 silly audit report     },
402 silly audit report     {
402 silly audit report       id: 1070369,
402 silly audit report       url: 'https://github.com/advisories/GHSA-9r2w-394v-53qc',
402 silly audit report       title: 'Arbitrary File Creation/Overwrite via insufficient symlink protection due to directory cache poisoning using symbolic links',
402 silly audit report       severity: 'high',
402 silly audit report       vulnerable_versions: '<4.4.16',
402 silly audit report       cwe: [Array],
402 silly audit report       cvss: [Object]
402 silly audit report     },
402 silly audit report     {
402 silly audit report       id: 1070373,
402 silly audit report       url: 'https://github.com/advisories/GHSA-3jfq-g458-7qm9',
402 silly audit report       title: 'Arbitrary File Creation/Overwrite due to insufficient absolute path sanitization',
402 silly audit report       severity: 'high',
402 silly audit report       vulnerable_versions: '<3.2.2',
402 silly audit report       cwe: [Array],
402 silly audit report       cvss: [Object]
402 silly audit report     },
402 silly audit report     {
402 silly audit report       id: 1080912,
402 silly audit report       url: 'https://github.com/advisories/GHSA-r628-mhmh-qjhw',
402 silly audit report       title: 'Arbitrary File Creation/Overwrite via insufficient symlink protection due to directory cache poisoning',
402 silly audit report       severity: 'high',
402 silly audit report       vulnerable_versions: '<3.2.3',
402 silly audit report       cwe: [Array],
402 silly audit report       cvss: [Object]
402 silly audit report     }
402 silly audit report   ]
402 silly audit report }
403 timing metavuln:packument:tar Completed in 1ms
404 timing metavuln:cache:get:security-advisory:tar:XujiZMRfQGqBn+muOIgJKorJGxHZWAPy1mSGJE55PXbeI4TkLlduJZpftaMToAR4Vp9HPP/lDMnX/YRn0Nb+CA== Completed in 1ms
405 timing metavuln:load:security-advisory:tar:1070363 Completed in 6ms
406 timing metavuln:cache:get:security-advisory:tar:onMwyyRWKDIKkHlpvR4WBcQKgy6y6HkyIOgIyxjN0szZTG3bi8chVqaNG2GqpoT4yvoRxOA8HoW/cnBYpfH5NQ== Completed in 9ms
407 timing metavuln:load:security-advisory:tar:1070366 Completed in 3ms
408 timing metavuln:cache:get:security-advisory:tar:arzBB+Jr2MtzGPkZgR28EcdoeK9dMOVvzSNEwcx9iak3/E8KVVofBp2Becjpj5er/b9OCwH2NQ4Bc9zLNc8Jow== Completed in 13ms
409 timing metavuln:load:security-advisory:tar:1070369 Completed in 4ms
410 timing metavuln:cache:get:security-advisory:tar:XnerVKiIgwrQa5WNW269ilpgPlIRnjA0WsvBJuMrmWg54GkYK+dYelPBwEWowtEpltYdxNJp5UV0YY7ffHC2XA== Completed in 16ms
411 timing metavuln:load:security-advisory:tar:1070373 Completed in 4ms
412 timing metavuln:cache:get:security-advisory:tar:Ge39MOSQCbPdvSDSV7TYh2dJ14JccLpX2PqWO0kPV+dWgXZfHKPYysF9+ZbWx700p91uNKqfsIBnSzs6qDrmGg== Completed in 22ms
413 timing metavuln:load:security-advisory:tar:1080912 Completed in 3ms
414 timing metavuln:cache:put:security-advisory:tar:arzBB+Jr2MtzGPkZgR28EcdoeK9dMOVvzSNEwcx9iak3/E8KVVofBp2Becjpj5er/b9OCwH2NQ4Bc9zLNc8Jow== Completed in 18ms
415 timing metavuln:calculate:security-advisory:tar:1070369 Completed in 35ms
416 timing metavuln:cache:put:security-advisory:tar:XujiZMRfQGqBn+muOIgJKorJGxHZWAPy1mSGJE55PXbeI4TkLlduJZpftaMToAR4Vp9HPP/lDMnX/YRn0Nb+CA== Completed in 28ms
417 timing metavuln:calculate:security-advisory:tar:1070363 Completed in 37ms
418 timing metavuln:cache:put:security-advisory:tar:XnerVKiIgwrQa5WNW269ilpgPlIRnjA0WsvBJuMrmWg54GkYK+dYelPBwEWowtEpltYdxNJp5UV0YY7ffHC2XA== Completed in 14ms
419 timing metavuln:calculate:security-advisory:tar:1070373 Completed in 35ms
420 timing metavuln:cache:put:security-advisory:tar:Ge39MOSQCbPdvSDSV7TYh2dJ14JccLpX2PqWO0kPV+dWgXZfHKPYysF9+ZbWx700p91uNKqfsIBnSzs6qDrmGg== Completed in 10ms
421 timing metavuln:calculate:security-advisory:tar:1080912 Completed in 35ms
422 timing metavuln:cache:put:security-advisory:tar:onMwyyRWKDIKkHlpvR4WBcQKgy6y6HkyIOgIyxjN0szZTG3bi8chVqaNG2GqpoT4yvoRxOA8HoW/cnBYpfH5NQ== Completed in 23ms
423 timing metavuln:calculate:security-advisory:tar:1070366 Completed in 36ms
424 timing metavuln:packument:tar-pack Completed in 0ms
425 timing metavuln:cache:get:security-advisory:tar-pack:ZNMfjpLwTywcxA00sp7T+yuzlPkMRfR6dIDXX/o8xMDkcKTYDn9xIFSikJ5viYCf9Bf7w38hq7+JKD1oE9AmXA== Completed in 0ms
426 timing metavuln:load:security-advisory:tar-pack:XujiZMRfQGqBn+muOIgJKorJGxHZWAPy1mSGJE55PXbeI4TkLlduJZpftaMToAR4Vp9HPP/lDMnX/YRn0Nb+CA== Completed in 4ms
427 timing metavuln:cache:put:security-advisory:tar-pack:ZNMfjpLwTywcxA00sp7T+yuzlPkMRfR6dIDXX/o8xMDkcKTYDn9xIFSikJ5viYCf9Bf7w38hq7+JKD1oE9AmXA== Completed in 5ms
428 timing metavuln:calculate:security-advisory:tar-pack:XujiZMRfQGqBn+muOIgJKorJGxHZWAPy1mSGJE55PXbeI4TkLlduJZpftaMToAR4Vp9HPP/lDMnX/YRn0Nb+CA== Completed in 9ms
429 timing metavuln:packument:create-react-app Completed in 0ms
430 timing metavuln:cache:get:security-advisory:create-react-app:wF8Uqk7KSVQUMMrw38iy+Rcnx1B+E9X+e2nTtkubjL3UCTp5H5nVwe04Hmr8x2pALDcP0B6T+L9pFgVXKsrhOw== Completed in 1ms
431 timing metavuln:load:security-advisory:create-react-app:ZNMfjpLwTywcxA00sp7T+yuzlPkMRfR6dIDXX/o8xMDkcKTYDn9xIFSikJ5viYCf9Bf7w38hq7+JKD1oE9AmXA== Completed in 9ms
432 timing metavuln:cache:put:security-advisory:create-react-app:wF8Uqk7KSVQUMMrw38iy+Rcnx1B+E9X+e2nTtkubjL3UCTp5H5nVwe04Hmr8x2pALDcP0B6T+L9pFgVXKsrhOw== Completed in 4ms
433 timing metavuln:calculate:security-advisory:create-react-app:ZNMfjpLwTywcxA00sp7T+yuzlPkMRfR6dIDXX/o8xMDkcKTYDn9xIFSikJ5viYCf9Bf7w38hq7+JKD1oE9AmXA== Completed in 14ms
434 timing auditReport:init Completed in 74ms
435 timing reify:audit Completed in 884ms
436 timing reify Completed in 3964ms
437 timing command:exec Completed in 153946ms
438 notice
438 notice New [33mminor[39m version of npm available! [31m8.11.0[39m -> [32m8.13.2[39m
438 notice Changelog: [36mhttps://github.com/npm/cli/releases/tag/v8.13.2[39m
438 notice Run [32mnpm install -g npm@8.13.2[39m to update!
438 notice
439 verbose exit 0
440 timing npm Completed in 154025ms
441 info ok
