0 verbose cli /usr/local/bin/node /usr/local/bin/npm
1 info using npm@8.11.0
2 info using node@v16.16.0
3 timing npm:load:whichnode Completed in 1ms
4 timing config:load:defaults Completed in 3ms
5 timing config:load:file:/usr/local/lib/node_modules/npm/npmrc Completed in 2ms
6 timing config:load:builtin Completed in 2ms
7 timing config:load:cli Completed in 2ms
8 timing config:load:env Completed in 1ms
9 timing config:load:file:/home/jeanlp/test/.npmrc Completed in 0ms
10 timing config:load:project Completed in 8ms
11 timing config:load:file:/home/jeanlp/.npmrc Completed in 0ms
12 timing config:load:user Completed in 1ms
13 timing config:load:file:/usr/local/etc/npmrc Completed in 0ms
14 timing config:load:global Completed in 0ms
15 timing config:load:validate Completed in 1ms
16 timing config:load:credentials Completed in 1ms
17 timing config:load:setEnvs Completed in 1ms
18 timing config:load Completed in 20ms
19 timing npm:load:configload Completed in 20ms
20 timing npm:load:mkdirpcache Completed in 1ms
21 timing npm:load:mkdirplogs Completed in 1ms
22 verbose title npm install @testing-library/jest-dom@^5.14.1 @testing-library/react@^13.0.0 @testing-library/user-event@^13.2.1 web-vitals@^2.1.0
23 verbose argv "install" "--no-audit" "--save" "@testing-library/jest-dom@^5.14.1" "@testing-library/react@^13.0.0" "@testing-library/user-event@^13.2.1" "web-vitals@^2.1.0"
24 timing npm:load:setTitle Completed in 1ms
25 timing config:load:flatten Completed in 3ms
26 timing npm:load:display Completed in 5ms
27 verbose logfile logs-max:10 dir:/home/jeanlp/.npm/_logs
28 verbose logfile /home/jeanlp/.npm/_logs/2022-07-09T13_22_44_419Z-debug-0.log
29 timing npm:load:logFile Completed in 4ms
30 timing npm:load:timers Completed in 1ms
31 timing npm:load:configScope Completed in 0ms
32 timing npm:load Completed in 34ms
33 timing arborist:ctor Completed in 0ms
34 silly logfile done cleaning log files
35 timing idealTree:init Completed in 923ms
36 timing idealTree:userRequests Completed in 3ms
37 silly idealTree buildDeps
38 silly fetch manifest @testing-library/jest-dom@^5.14.1
39 timing arborist:ctor Completed in 0ms
40 http fetch GET 200 https://registry.npmjs.org/@testing-library%2fjest-dom 2920ms (cache miss)
41 silly fetch manifest @testing-library/react@^13.0.0
42 http fetch GET 200 https://registry.npmjs.org/@testing-library%2freact 2026ms (cache miss)
43 silly fetch manifest react@^18.2.0
44 http fetch GET 200 https://registry.npmjs.org/react 14ms (cache hit)
45 silly fetch manifest react-dom@^18.2.0
46 http fetch GET 200 https://registry.npmjs.org/react-dom 10ms (cache hit)
47 silly fetch manifest @testing-library/user-event@^13.2.1
48 http fetch GET 200 https://registry.npmjs.org/@testing-library%2fuser-event 2087ms (cache miss)
49 silly fetch manifest @testing-library/dom@>=7.21.4
50 http fetch GET 200 https://registry.npmjs.org/@testing-library%2fdom 2031ms (cache miss)
51 silly fetch manifest web-vitals@^2.1.0
52 http fetch GET 200 https://registry.npmjs.org/web-vitals 972ms (cache miss)
53 silly placeDep ROOT @testing-library/jest-dom@5.16.4 OK for: test@0.1.0 want: ^5.14.1
54 silly placeDep ROOT @testing-library/react@13.3.0 OK for: test@0.1.0 want: ^13.0.0
55 silly placeDep ROOT @testing-library/user-event@13.5.0 OK for: test@0.1.0 want: ^13.2.1
56 silly placeDep ROOT @testing-library/dom@8.14.1 OK for: @testing-library/user-event@13.5.0 want: >=7.21.4
57 silly placeDep ROOT web-vitals@2.1.4 OK for: test@0.1.0 want: ^2.1.0
58 silly fetch manifest @types/testing-library__jest-dom@^5.9.1
59 silly fetch manifest aria-query@^5.0.0
60 silly fetch manifest chalk@^3.0.0
61 silly fetch manifest css@^3.0.0
62 silly fetch manifest css.escape@^1.5.1
63 silly fetch manifest dom-accessibility-api@^0.5.6
64 silly fetch manifest redent@^3.0.0
65 silly fetch manifest @types/react-dom@^18.0.0
66 silly fetch manifest @types/aria-query@^4.2.0
67 silly fetch manifest chalk@^4.1.0
68 silly fetch manifest dom-accessibility-api@^0.5.9
69 silly fetch manifest lz-string@^1.4.4
70 http fetch GET 200 https://registry.npmjs.org/aria-query 57ms (cache hit)
71 http fetch GET 200 https://registry.npmjs.org/chalk 57ms (cache hit)
72 http fetch GET 200 https://registry.npmjs.org/chalk 56ms (cache hit)
73 http fetch GET 200 https://registry.npmjs.org/@types%2ftesting-library__jest-dom 84ms (cache miss)
74 http fetch GET 200 https://registry.npmjs.org/redent 84ms (cache miss)
75 http fetch GET 200 https://registry.npmjs.org/css 108ms (cache miss)
76 http fetch GET 200 https://registry.npmjs.org/@types%2freact-dom 120ms (cache miss)
77 http fetch GET 200 https://registry.npmjs.org/lz-string 1022ms (cache miss)
78 http fetch GET 200 https://registry.npmjs.org/css.escape 1026ms (cache miss)
79 http fetch GET 200 https://registry.npmjs.org/dom-accessibility-api 1033ms (cache miss)
80 http fetch GET 200 https://registry.npmjs.org/dom-accessibility-api 1032ms (cache miss)
81 http fetch GET 200 https://registry.npmjs.org/@types%2faria-query 1963ms (cache miss)
82 timing idealTree:#root Completed in 12076ms
83 silly placeDep ROOT @types/aria-query@4.2.2 OK for: @testing-library/dom@8.14.1 want: ^4.2.0
84 silly placeDep node_modules/@testing-library/dom aria-query@5.0.0 OK for: @testing-library/dom@8.14.1 want: ^5.0.0
85 silly placeDep node_modules/@testing-library/dom chalk@4.1.2 OK for: @testing-library/dom@8.14.1 want: ^4.1.0
86 silly placeDep ROOT dom-accessibility-api@0.5.14 OK for: @testing-library/dom@8.14.1 want: ^0.5.9
87 silly placeDep ROOT lz-string@1.4.4 OK for: @testing-library/dom@8.14.1 want: ^1.4.4
88 silly fetch manifest ansi-styles@^4.1.0
89 silly fetch manifest supports-color@^7.1.0
90 http fetch GET 200 https://registry.npmjs.org/ansi-styles 927ms (cache hit)
91 http fetch GET 200 https://registry.npmjs.org/supports-color 927ms (cache hit)
92 timing idealTree:node_modules/@testing-library/dom Completed in 939ms
93 silly placeDep ROOT @types/testing-library__jest-dom@5.14.5 OK for: @testing-library/jest-dom@5.16.4 want: ^5.9.1
94 silly placeDep node_modules/@testing-library/jest-dom aria-query@5.0.0 OK for: @testing-library/jest-dom@5.16.4 want: ^5.0.0
95 silly placeDep node_modules/@testing-library/jest-dom chalk@3.0.0 OK for: @testing-library/jest-dom@5.16.4 want: ^3.0.0
96 silly placeDep ROOT css@3.0.0 OK for: @testing-library/jest-dom@5.16.4 want: ^3.0.0
97 silly placeDep ROOT css.escape@1.5.1 OK for: @testing-library/jest-dom@5.16.4 want: ^1.5.1
98 silly placeDep ROOT redent@3.0.0 OK for: @testing-library/jest-dom@5.16.4 want: ^3.0.0
99 silly fetch manifest @types/jest@*
100 silly fetch manifest source-map@^0.6.1
101 silly fetch manifest source-map-resolve@^0.6.0
102 silly fetch manifest indent-string@^4.0.0
103 silly fetch manifest strip-indent@^3.0.0
104 http fetch GET 200 https://registry.npmjs.org/source-map 20ms (cache hit)
105 http fetch GET 200 https://registry.npmjs.org/strip-indent 49ms (cache miss)
106 http fetch GET 200 https://registry.npmjs.org/source-map-resolve 53ms (cache miss)
107 http fetch GET 200 https://registry.npmjs.org/indent-string 69ms (cache miss)
108 http fetch GET 200 https://registry.npmjs.org/@types%2fjest 1883ms (cache miss)
109 timing idealTree:node_modules/@testing-library/jest-dom Completed in 1899ms
110 silly placeDep ROOT @types/react-dom@18.0.6 OK for: @testing-library/react@13.3.0 want: ^18.0.0
111 silly fetch manifest @types/react@*
112 http fetch GET 200 https://registry.npmjs.org/@types%2freact 70ms (cache miss)
113 timing idealTree:node_modules/@testing-library/react Completed in 74ms
114 timing idealTree:node_modules/@testing-library/user-event Completed in 0ms
115 timing idealTree:node_modules/@types/aria-query Completed in 0ms
116 silly placeDep ROOT @types/react@18.0.15 OK for: @types/react-dom@18.0.6 want: *
117 silly fetch manifest @types/prop-types@*
118 silly fetch manifest @types/scheduler@*
119 silly fetch manifest csstype@^3.0.2
120 http fetch GET 200 https://registry.npmjs.org/@types%2fprop-types 46ms (cache miss)
121 http fetch GET 200 https://registry.npmjs.org/@types%2fscheduler 59ms (cache miss)
122 http fetch GET 200 https://registry.npmjs.org/csstype 68ms (cache miss)
123 timing idealTree:node_modules/@types/react-dom Completed in 73ms
124 silly placeDep ROOT @types/prop-types@15.7.5 OK for: @types/react@18.0.15 want: *
125 silly placeDep ROOT @types/scheduler@0.16.2 OK for: @types/react@18.0.15 want: *
126 silly placeDep ROOT csstype@3.1.0 OK for: @types/react@18.0.15 want: ^3.0.2
127 timing idealTree:node_modules/@types/react Completed in 5ms
128 timing idealTree:node_modules/@types/prop-types Completed in 0ms
129 timing idealTree:node_modules/@types/scheduler Completed in 0ms
130 silly placeDep ROOT @types/jest@28.1.4 OK for: @types/testing-library__jest-dom@5.14.5 want: *
131 silly fetch manifest jest-matcher-utils@^28.0.0
132 silly fetch manifest pretty-format@^28.0.0
133 http fetch GET 200 https://registry.npmjs.org/jest-matcher-utils 11ms (cache hit)
134 http fetch GET 200 https://registry.npmjs.org/pretty-format 12ms (cache hit)
135 timing idealTree:node_modules/@types/testing-library__jest-dom Completed in 17ms
136 silly placeDep node_modules/@types/jest jest-matcher-utils@28.1.1 OK for: @types/jest@28.1.4 want: ^28.0.0
137 silly placeDep node_modules/@types/jest pretty-format@28.1.1 OK for: @types/jest@28.1.4 want: ^28.0.0
138 silly fetch manifest chalk@^4.0.0
139 silly fetch manifest jest-diff@^28.1.1
140 silly fetch manifest jest-get-type@^28.0.2
141 silly fetch manifest ansi-styles@^5.0.0
142 silly fetch manifest react-is@^18.0.0
143 http fetch GET 200 https://registry.npmjs.org/jest-diff 18ms (cache hit)
144 http fetch GET 200 https://registry.npmjs.org/jest-get-type 19ms (cache hit)
145 http fetch GET 200 https://registry.npmjs.org/react-is 20ms (cache hit)
146 timing idealTree:node_modules/@types/jest Completed in 34ms
147 silly placeDep node_modules/css source-map@0.6.1 OK for: css@3.0.0 want: ^0.6.1
148 silly placeDep ROOT source-map-resolve@0.6.0 OK for: css@3.0.0 want: ^0.6.0
149 silly fetch manifest atob@^2.1.2
150 silly fetch manifest decode-uri-component@^0.2.0
151 http fetch GET 200 https://registry.npmjs.org/decode-uri-component 50ms (cache miss)
152 http fetch GET 200 https://registry.npmjs.org/atob 50ms (cache miss)
153 timing idealTree:node_modules/css Completed in 54ms
154 timing idealTree:node_modules/css.escape Completed in 0ms
155 timing idealTree:node_modules/csstype Completed in 0ms
156 timing idealTree:node_modules/dom-accessibility-api Completed in 0ms
157 timing idealTree:node_modules/lz-string Completed in 0ms
158 silly placeDep ROOT indent-string@4.0.0 OK for: redent@3.0.0 want: ^4.0.0
159 silly placeDep ROOT strip-indent@3.0.0 OK for: redent@3.0.0 want: ^3.0.0
160 silly fetch manifest min-indent@^1.0.0
161 http fetch GET 200 https://registry.npmjs.org/min-indent 40ms (cache miss)
162 timing idealTree:node_modules/redent Completed in 44ms
163 timing idealTree:node_modules/indent-string Completed in 0ms
164 silly placeDep ROOT atob@2.1.2 OK for: source-map-resolve@0.6.0 want: ^2.1.2
165 silly placeDep ROOT decode-uri-component@0.2.0 OK for: source-map-resolve@0.6.0 want: ^0.2.0
166 timing idealTree:node_modules/source-map-resolve Completed in 4ms
167 timing idealTree:node_modules/atob Completed in 0ms
168 timing idealTree:node_modules/decode-uri-component Completed in 0ms
169 silly placeDep ROOT min-indent@1.0.1 OK for: strip-indent@3.0.0 want: ^1.0.0
170 timing idealTree:node_modules/strip-indent Completed in 2ms
171 timing idealTree:node_modules/min-indent Completed in 0ms
172 timing idealTree:node_modules/web-vitals Completed in 0ms
173 timing idealTree:node_modules/@testing-library/dom/node_modules/aria-query Completed in 0ms
174 silly placeDep node_modules/@testing-library/dom ansi-styles@4.3.0 OK for: chalk@4.1.2 want: ^4.1.0
175 silly placeDep node_modules/@testing-library/dom supports-color@7.2.0 OK for: chalk@4.1.2 want: ^7.1.0
176 silly fetch manifest color-convert@^2.0.1
177 silly fetch manifest has-flag@^4.0.0
178 http fetch GET 200 https://registry.npmjs.org/color-convert 10ms (cache hit)
179 http fetch GET 200 https://registry.npmjs.org/has-flag 11ms (cache hit)
180 timing idealTree:node_modules/@testing-library/dom/node_modules/chalk Completed in 18ms
181 silly placeDep node_modules/@testing-library/dom color-convert@2.0.1 OK for: ansi-styles@4.3.0 want: ^2.0.1
182 silly fetch manifest color-name@~1.1.4
183 http fetch GET 200 https://registry.npmjs.org/color-name 6ms (cache hit)
184 timing idealTree:node_modules/@testing-library/dom/node_modules/ansi-styles Completed in 9ms
185 silly placeDep node_modules/@testing-library/dom color-name@1.1.4 OK for: color-convert@2.0.1 want: ~1.1.4
186 timing idealTree:node_modules/@testing-library/dom/node_modules/color-convert Completed in 1ms
187 timing idealTree:node_modules/@testing-library/dom/node_modules/color-name Completed in 0ms
188 silly placeDep node_modules/@testing-library/dom has-flag@4.0.0 OK for: supports-color@7.2.0 want: ^4.0.0
189 timing idealTree:node_modules/@testing-library/dom/node_modules/supports-color Completed in 1ms
190 timing idealTree:node_modules/@testing-library/dom/node_modules/has-flag Completed in 0ms
191 timing idealTree:node_modules/@testing-library/jest-dom/node_modules/aria-query Completed in 0ms
192 silly placeDep node_modules/@testing-library/jest-dom ansi-styles@4.3.0 OK for: chalk@3.0.0 want: ^4.1.0
193 silly placeDep node_modules/@testing-library/jest-dom supports-color@7.2.0 OK for: chalk@3.0.0 want: ^7.1.0
194 timing idealTree:node_modules/@testing-library/jest-dom/node_modules/chalk Completed in 2ms
195 silly placeDep node_modules/@testing-library/jest-dom color-convert@2.0.1 OK for: ansi-styles@4.3.0 want: ^2.0.1
196 timing idealTree:node_modules/@testing-library/jest-dom/node_modules/ansi-styles Completed in 3ms
197 silly placeDep node_modules/@testing-library/jest-dom color-name@1.1.4 OK for: color-convert@2.0.1 want: ~1.1.4
198 timing idealTree:node_modules/@testing-library/jest-dom/node_modules/color-convert Completed in 1ms
199 timing idealTree:node_modules/@testing-library/jest-dom/node_modules/color-name Completed in 0ms
200 silly placeDep node_modules/@testing-library/jest-dom has-flag@4.0.0 OK for: supports-color@7.2.0 want: ^4.0.0
201 timing idealTree:node_modules/@testing-library/jest-dom/node_modules/supports-color Completed in 1ms
202 timing idealTree:node_modules/@testing-library/jest-dom/node_modules/has-flag Completed in 0ms
203 silly placeDep node_modules/@types/jest chalk@4.1.2 OK for: jest-matcher-utils@28.1.1 want: ^4.0.0
204 silly placeDep node_modules/@types/jest jest-diff@28.1.1 OK for: jest-matcher-utils@28.1.1 want: ^28.1.1
205 silly placeDep node_modules/@types/jest jest-get-type@28.0.2 OK for: jest-matcher-utils@28.1.1 want: ^28.0.2
206 silly fetch manifest diff-sequences@^28.1.1
207 http fetch GET 200 https://registry.npmjs.org/diff-sequences 7ms (cache hit)
208 timing idealTree:node_modules/@types/jest/node_modules/jest-matcher-utils Completed in 11ms
209 silly placeDep node_modules/@types/jest ansi-styles@4.3.0 OK for: chalk@4.1.2 want: ^4.1.0
210 silly placeDep node_modules/@types/jest supports-color@7.2.0 OK for: chalk@4.1.2 want: ^7.1.0
211 timing idealTree:node_modules/@types/jest/node_modules/chalk Completed in 2ms
212 silly placeDep node_modules/@types/jest color-convert@2.0.1 OK for: ansi-styles@4.3.0 want: ^2.0.1
213 timing idealTree:node_modules/@types/jest/node_modules/ansi-styles Completed in 3ms
214 silly placeDep node_modules/@types/jest color-name@1.1.4 OK for: color-convert@2.0.1 want: ~1.1.4
215 timing idealTree:node_modules/@types/jest/node_modules/color-convert Completed in 1ms
216 timing idealTree:node_modules/@types/jest/node_modules/color-name Completed in 0ms
217 silly placeDep node_modules/@types/jest diff-sequences@28.1.1 OK for: jest-diff@28.1.1 want: ^28.1.1
218 timing idealTree:node_modules/@types/jest/node_modules/jest-diff Completed in 1ms
219 timing idealTree:node_modules/@types/jest/node_modules/diff-sequences Completed in 0ms
220 timing idealTree:node_modules/@types/jest/node_modules/jest-get-type Completed in 0ms
221 silly placeDep node_modules/@types/jest/node_modules/pretty-format ansi-styles@5.2.0 OK for: pretty-format@28.1.1 want: ^5.0.0
222 silly placeDep node_modules/@types/jest react-is@18.2.0 OK for: pretty-format@28.1.1 want: ^18.0.0
223 timing idealTree:node_modules/@types/jest/node_modules/pretty-format Completed in 2ms
224 timing idealTree:node_modules/@types/jest/node_modules/react-is Completed in 0ms
225 silly placeDep node_modules/@types/jest has-flag@4.0.0 OK for: supports-color@7.2.0 want: ^4.0.0
226 timing idealTree:node_modules/@types/jest/node_modules/supports-color Completed in 1ms
227 timing idealTree:node_modules/@types/jest/node_modules/has-flag Completed in 0ms
228 timing idealTree:node_modules/css/node_modules/source-map Completed in 0ms
229 timing idealTree:node_modules/@types/jest/node_modules/pretty-format/node_modules/ansi-styles Completed in 0ms
230 timing idealTree:buildDeps Completed in 15288ms
231 timing idealTree:fixDepFlags Completed in 21ms
232 timing idealTree Completed in 16252ms
233 timing reify:loadTrees Completed in 16253ms
234 timing reify:diffTrees Completed in 27ms
235 silly reify moves {}
236 timing reify:retireShallow Completed in 0ms
237 timing reify:createSparse Completed in 18ms
238 timing reify:loadBundles Completed in 0ms
239 verbose reify failed optional dependency /home/jeanlp/test/node_modules/fsevents
240 silly reify mark deleted [ '/home/jeanlp/test/node_modules/fsevents' ]
241 timing reifyNode:node_modules/fsevents Completed in 10ms
242 silly tarball no local data for min-indent@https://registry.npmjs.org/min-indent/-/min-indent-1.0.1.tgz. Extracting by manifest.
243 silly tarball no local data for decode-uri-component@https://registry.npmjs.org/decode-uri-component/-/decode-uri-component-0.2.0.tgz. Extracting by manifest.
244 silly tarball no local data for atob@https://registry.npmjs.org/atob/-/atob-2.1.2.tgz. Extracting by manifest.
245 silly tarball no local data for indent-string@https://registry.npmjs.org/indent-string/-/indent-string-4.0.0.tgz. Extracting by manifest.
246 silly tarball no local data for strip-indent@https://registry.npmjs.org/strip-indent/-/strip-indent-3.0.0.tgz. Extracting by manifest.
247 silly tarball no local data for csstype@https://registry.npmjs.org/csstype/-/csstype-3.1.0.tgz. Extracting by manifest.
248 silly tarball no local data for @types/scheduler@https://registry.npmjs.org/@types/scheduler/-/scheduler-0.16.2.tgz. Extracting by manifest.
249 silly tarball no local data for @types/prop-types@https://registry.npmjs.org/@types/prop-types/-/prop-types-15.7.5.tgz. Extracting by manifest.
250 silly tarball no local data for @types/react@https://registry.npmjs.org/@types/react/-/react-18.0.15.tgz. Extracting by manifest.
251 silly tarball no local data for @types/react-dom@https://registry.npmjs.org/@types/react-dom/-/react-dom-18.0.6.tgz. Extracting by manifest.
252 silly tarball no local data for @types/jest@https://registry.npmjs.org/@types/jest/-/jest-28.1.4.tgz. Extracting by manifest.
253 silly tarball no local data for redent@https://registry.npmjs.org/redent/-/redent-3.0.0.tgz. Extracting by manifest.
254 silly tarball no local data for css@https://registry.npmjs.org/css/-/css-3.0.0.tgz. Extracting by manifest.
255 silly tarball no local data for css.escape@https://registry.npmjs.org/css.escape/-/css.escape-1.5.1.tgz. Extracting by manifest.
256 silly tarball no local data for @types/testing-library__jest-dom@https://registry.npmjs.org/@types/testing-library__jest-dom/-/testing-library__jest-dom-5.14.5.tgz. Extracting by manifest.
257 silly tarball no local data for dom-accessibility-api@https://registry.npmjs.org/dom-accessibility-api/-/dom-accessibility-api-0.5.14.tgz. Extracting by manifest.
258 silly tarball no local data for lz-string@https://registry.npmjs.org/lz-string/-/lz-string-1.4.4.tgz. Extracting by manifest.
259 silly tarball no local data for @types/aria-query@https://registry.npmjs.org/@types/aria-query/-/aria-query-4.2.2.tgz. Extracting by manifest.
260 silly tarball no local data for web-vitals@https://registry.npmjs.org/web-vitals/-/web-vitals-2.1.4.tgz. Extracting by manifest.
261 silly tarball no local data for @testing-library/dom@https://registry.npmjs.org/@testing-library/dom/-/dom-8.14.1.tgz. Extracting by manifest.
262 silly tarball no local data for @testing-library/react@https://registry.npmjs.org/@testing-library/react/-/react-13.3.0.tgz. Extracting by manifest.
263 silly tarball no local data for @testing-library/user-event@https://registry.npmjs.org/@testing-library/user-event/-/user-event-13.5.0.tgz. Extracting by manifest.
264 silly tarball no local data for @testing-library/jest-dom@https://registry.npmjs.org/@testing-library/jest-dom/-/jest-dom-5.16.4.tgz. Extracting by manifest.
265 silly tarball no local data for diff-sequences@https://registry.npmjs.org/diff-sequences/-/diff-sequences-28.1.1.tgz. Extracting by manifest.
266 silly tarball no local data for jest-get-type@https://registry.npmjs.org/jest-get-type/-/jest-get-type-28.0.2.tgz. Extracting by manifest.
267 silly tarball no local data for jest-diff@https://registry.npmjs.org/jest-diff/-/jest-diff-28.1.1.tgz. Extracting by manifest.
268 silly tarball no local data for source-map-resolve@https://registry.npmjs.org/source-map-resolve/-/source-map-resolve-0.6.0.tgz. Extracting by manifest.
269 silly tarball no local data for jest-matcher-utils@https://registry.npmjs.org/jest-matcher-utils/-/jest-matcher-utils-28.1.1.tgz. Extracting by manifest.
270 silly tarball no local data for aria-query@https://registry.npmjs.org/aria-query/-/aria-query-5.0.0.tgz. Extracting by manifest.
271 silly tarball no local data for chalk@https://registry.npmjs.org/chalk/-/chalk-3.0.0.tgz. Extracting by manifest.
272 silly tarball no local data for aria-query@https://registry.npmjs.org/aria-query/-/aria-query-5.0.0.tgz. Extracting by manifest.
273 timing reifyNode:node_modules/@types/jest/node_modules/color-name Completed in 509ms
274 timing reifyNode:node_modules/@testing-library/dom/node_modules/color-name Completed in 513ms
275 timing reifyNode:node_modules/@testing-library/jest-dom/node_modules/color-name Completed in 513ms
276 timing reifyNode:node_modules/@types/jest/node_modules/has-flag Completed in 518ms
277 timing reifyNode:node_modules/@types/jest/node_modules/supports-color Completed in 518ms
278 timing reifyNode:node_modules/@testing-library/dom/node_modules/has-flag Completed in 522ms
279 timing reifyNode:node_modules/@testing-library/dom/node_modules/supports-color Completed in 521ms
280 timing reifyNode:node_modules/@testing-library/jest-dom/node_modules/has-flag Completed in 522ms
281 timing reifyNode:node_modules/@testing-library/jest-dom/node_modules/supports-color Completed in 522ms
282 timing reifyNode:node_modules/@types/jest/node_modules/ansi-styles Completed in 528ms
283 timing reifyNode:node_modules/@types/jest/node_modules/pretty-format/node_modules/ansi-styles Completed in 533ms
284 timing reifyNode:node_modules/@testing-library/dom/node_modules/ansi-styles Completed in 532ms
285 timing reifyNode:node_modules/@testing-library/jest-dom/node_modules/ansi-styles Completed in 533ms
286 timing reifyNode:node_modules/@types/jest/node_modules/color-convert Completed in 549ms
287 timing reifyNode:node_modules/@testing-library/dom/node_modules/color-convert Completed in 562ms
288 timing reifyNode:node_modules/@testing-library/jest-dom/node_modules/color-convert Completed in 562ms
289 timing reifyNode:node_modules/@types/jest/node_modules/chalk Completed in 571ms
290 timing reifyNode:node_modules/@testing-library/dom/node_modules/chalk Completed in 573ms
291 timing reifyNode:node_modules/@types/jest/node_modules/react-is Completed in 577ms
292 http fetch GET 200 https://registry.npmjs.org/strip-indent/-/strip-indent-3.0.0.tgz 524ms (cache miss)
293 timing reifyNode:node_modules/strip-indent Completed in 583ms
294 http fetch GET 200 https://registry.npmjs.org/atob/-/atob-2.1.2.tgz 535ms (cache miss)
295 http fetch GET 200 https://registry.npmjs.org/min-indent/-/min-indent-1.0.1.tgz 549ms (cache miss)
296 timing reifyNode:node_modules/min-indent Completed in 590ms
297 http fetch GET 200 https://registry.npmjs.org/decode-uri-component/-/decode-uri-component-0.2.0.tgz 551ms (cache miss)
298 timing reifyNode:node_modules/decode-uri-component Completed in 597ms
299 timing reifyNode:node_modules/atob Completed in 601ms
300 http fetch GET 200 https://registry.npmjs.org/indent-string/-/indent-string-4.0.0.tgz 548ms (cache miss)
301 timing reifyNode:node_modules/indent-string Completed in 603ms
302 http fetch GET 200 https://registry.npmjs.org/@types/prop-types/-/prop-types-15.7.5.tgz 532ms (cache miss)
303 timing reifyNode:node_modules/@types/prop-types Completed in 617ms
304 http fetch GET 200 https://registry.npmjs.org/jest-get-type/-/jest-get-type-28.0.2.tgz 428ms (cache miss)
305 timing reifyNode:node_modules/@types/jest/node_modules/jest-get-type Completed in 623ms
306 http fetch GET 200 https://registry.npmjs.org/diff-sequences/-/diff-sequences-28.1.1.tgz 443ms (cache miss)
307 timing reifyNode:node_modules/@types/jest/node_modules/diff-sequences Completed in 628ms
308 http fetch GET 200 https://registry.npmjs.org/redent/-/redent-3.0.0.tgz 538ms (cache miss)
309 timing reifyNode:node_modules/redent Completed in 647ms
310 http fetch GET 200 https://registry.npmjs.org/source-map-resolve/-/source-map-resolve-0.6.0.tgz 448ms (cache miss)
311 warn deprecated source-map-resolve@0.6.0: See https://github.com/lydell/source-map-resolve#deprecated
312 timing reifyNode:node_modules/source-map-resolve Completed in 652ms
313 http fetch GET 200 https://registry.npmjs.org/css.escape/-/css.escape-1.5.1.tgz 532ms (cache miss)
314 timing reifyNode:node_modules/css.escape Completed in 659ms
315 http fetch GET 200 https://registry.npmjs.org/@types/react-dom/-/react-dom-18.0.6.tgz 573ms (cache miss)
316 timing reifyNode:node_modules/@types/react-dom Completed in 672ms
317 http fetch GET 200 https://registry.npmjs.org/@types/react/-/react-18.0.15.tgz 594ms (cache miss)
318 http fetch GET 200 https://registry.npmjs.org/jest-matcher-utils/-/jest-matcher-utils-28.1.1.tgz 487ms (cache miss)
319 timing reifyNode:node_modules/@types/jest/node_modules/jest-matcher-utils Completed in 692ms
320 timing reifyNode:node_modules/@types/react Completed in 695ms
321 http fetch GET 200 https://registry.npmjs.org/jest-diff/-/jest-diff-28.1.1.tgz 502ms (cache miss)
322 http fetch GET 200 https://registry.npmjs.org/css/-/css-3.0.0.tgz 603ms (cache miss)
323 timing reifyNode:node_modules/@types/jest/node_modules/pretty-format Completed in 719ms
324 timing reifyNode:node_modules/@types/jest/node_modules/jest-diff Completed in 720ms
325 timing reifyNode:node_modules/css Completed in 721ms
326 http fetch GET 200 https://registry.npmjs.org/@types/jest/-/jest-28.1.4.tgz 621ms (cache miss)
327 timing reifyNode:node_modules/@types/jest Completed in 726ms
328 http fetch GET 200 https://registry.npmjs.org/chalk/-/chalk-3.0.0.tgz 520ms (cache miss)
329 timing reifyNode:node_modules/@testing-library/jest-dom/node_modules/chalk Completed in 734ms
330 http fetch GET 200 https://registry.npmjs.org/lz-string/-/lz-string-1.4.4.tgz 596ms (cache miss)
331 timing reifyNode:node_modules/lz-string Completed in 750ms
332 timing reifyNode:node_modules/css/node_modules/source-map Completed in 806ms
333 http fetch GET 200 https://registry.npmjs.org/csstype/-/csstype-3.1.0.tgz 761ms (cache miss)
334 timing reifyNode:node_modules/csstype Completed in 832ms
335 http fetch GET 200 https://registry.npmjs.org/dom-accessibility-api/-/dom-accessibility-api-0.5.14.tgz 687ms (cache miss)
336 timing reifyNode:node_modules/dom-accessibility-api Completed in 853ms
337 http fetch GET 200 https://registry.npmjs.org/web-vitals/-/web-vitals-2.1.4.tgz 695ms (cache miss)
338 timing reifyNode:node_modules/web-vitals Completed in 859ms
339 http fetch GET 200 https://registry.npmjs.org/aria-query/-/aria-query-5.0.0.tgz 748ms (cache miss)
340 timing reifyNode:node_modules/@testing-library/dom/node_modules/aria-query Completed in 967ms
341 http fetch GET 200 https://registry.npmjs.org/aria-query/-/aria-query-5.0.0.tgz 760ms (cache miss)
342 timing reifyNode:node_modules/@testing-library/jest-dom/node_modules/aria-query Completed in 976ms
343 http fetch GET 200 https://registry.npmjs.org/@types/scheduler/-/scheduler-0.16.2.tgz 1032ms (cache miss)
344 timing reifyNode:node_modules/@types/scheduler Completed in 1109ms
345 http fetch GET 200 https://registry.npmjs.org/@types/aria-query/-/aria-query-4.2.2.tgz 1095ms (cache miss)
346 timing reifyNode:node_modules/@types/aria-query Completed in 1254ms
347 http fetch GET 200 https://registry.npmjs.org/@testing-library/jest-dom/-/jest-dom-5.16.4.tgz 1184ms (cache miss)
348 timing reifyNode:node_modules/@testing-library/jest-dom Completed in 1359ms
349 http fetch GET 200 https://registry.npmjs.org/@types/testing-library__jest-dom/-/testing-library__jest-dom-5.14.5.tgz 1246ms (cache miss)
350 timing reifyNode:node_modules/@types/testing-library__jest-dom Completed in 1381ms
351 http fetch GET 200 https://registry.npmjs.org/@testing-library/user-event/-/user-event-13.5.0.tgz 1307ms (cache miss)
352 timing reifyNode:node_modules/@testing-library/user-event Completed in 1479ms
353 http fetch GET 200 https://registry.npmjs.org/@testing-library/dom/-/dom-8.14.1.tgz 1373ms (cache miss)
354 timing reifyNode:node_modules/@testing-library/dom Completed in 1539ms
355 http fetch GET 200 https://registry.npmjs.org/@testing-library/react/-/react-13.3.0.tgz 1399ms (cache miss)
356 timing reifyNode:node_modules/@testing-library/react Completed in 1567ms
357 timing reify:unpack Completed in 1570ms
358 timing reify:unretire Completed in 0ms
359 timing build:queue Completed in 4ms
360 timing build:link:node_modules/atob Completed in 3ms
361 timing build:link:node_modules/lz-string Completed in 2ms
362 timing build:link Completed in 3ms
363 timing build:deps Completed in 8ms
364 timing build Completed in 8ms
365 timing reify:build Completed in 9ms
366 timing reify:trash Completed in 1ms
367 timing reify:save Completed in 378ms
368 timing reify Completed in 18426ms
369 silly ADD node_modules/min-indent
370 silly ADD node_modules/decode-uri-component
371 silly ADD node_modules/atob
372 silly ADD node_modules/strip-indent
373 silly ADD node_modules/indent-string
374 silly ADD node_modules/source-map-resolve
375 silly ADD node_modules/@types/jest
376 silly ADD node_modules/@types/jest/node_modules/has-flag
377 silly ADD node_modules/@types/jest/node_modules/react-is
378 silly ADD node_modules/@types/jest/node_modules/diff-sequences
379 silly ADD node_modules/@types/jest/node_modules/color-name
380 silly ADD node_modules/@types/jest/node_modules/color-convert
381 silly ADD node_modules/@types/jest/node_modules/supports-color
382 silly ADD node_modules/@types/jest/node_modules/ansi-styles
383 silly ADD node_modules/@types/jest/node_modules/jest-get-type
384 silly ADD node_modules/@types/jest/node_modules/jest-diff
385 silly ADD node_modules/@types/jest/node_modules/chalk
386 silly ADD node_modules/@types/jest/node_modules/pretty-format
387 silly ADD node_modules/@types/jest/node_modules/pretty-format/node_modules/ansi-styles
388 silly ADD node_modules/@types/jest/node_modules/jest-matcher-utils
389 silly ADD node_modules/csstype
390 silly ADD node_modules/@types/scheduler
391 silly ADD node_modules/@types/prop-types
392 silly ADD node_modules/@types/react
393 silly ADD node_modules/@types/react-dom
394 silly ADD node_modules/redent
395 silly ADD node_modules/css.escape
396 silly ADD node_modules/css
397 silly ADD node_modules/css/node_modules/source-map
398 silly ADD node_modules/@types/testing-library__jest-dom
399 silly ADD node_modules/lz-string
400 silly ADD node_modules/dom-accessibility-api
401 silly ADD node_modules/@types/aria-query
402 silly ADD node_modules/web-vitals
403 silly ADD node_modules/@testing-library/dom
404 silly ADD node_modules/@testing-library/dom/node_modules/has-flag
405 silly ADD node_modules/@testing-library/dom/node_modules/color-name
406 silly ADD node_modules/@testing-library/dom/node_modules/color-convert
407 silly ADD node_modules/@testing-library/dom/node_modules/supports-color
408 silly ADD node_modules/@testing-library/dom/node_modules/ansi-styles
409 silly ADD node_modules/@testing-library/dom/node_modules/chalk
410 silly ADD node_modules/@testing-library/dom/node_modules/aria-query
411 silly ADD node_modules/@testing-library/user-event
412 silly ADD node_modules/@testing-library/react
413 silly ADD node_modules/@testing-library/jest-dom
414 silly ADD node_modules/@testing-library/jest-dom/node_modules/has-flag
415 silly ADD node_modules/@testing-library/jest-dom/node_modules/color-name
416 silly ADD node_modules/@testing-library/jest-dom/node_modules/color-convert
417 silly ADD node_modules/@testing-library/jest-dom/node_modules/supports-color
418 silly ADD node_modules/@testing-library/jest-dom/node_modules/ansi-styles
419 silly ADD node_modules/@testing-library/jest-dom/node_modules/chalk
420 silly ADD node_modules/@testing-library/jest-dom/node_modules/aria-query
421 silly ADD
422 timing command:install Completed in 18438ms
423 verbose exit 0
424 timing npm Completed in 18520ms
425 info ok
