0 verbose cli /usr/local/bin/node /usr/local/bin/npm
1 info using npm@8.11.0
2 info using node@v16.16.0
3 timing npm:load:whichnode Completed in 0ms
4 timing config:load:defaults Completed in 6ms
5 timing config:load:file:/usr/local/lib/node_modules/npm/npmrc Completed in 1ms
6 timing config:load:builtin Completed in 3ms
7 timing config:load:cli Completed in 3ms
8 timing config:load:env Completed in 1ms
9 timing config:load:file:/home/jeanlp/.cache/typescript/4.7/.npmrc Completed in 0ms
10 timing config:load:project Completed in 15ms
11 timing config:load:file:/home/jeanlp/.npmrc Completed in 0ms
12 timing config:load:user Completed in 0ms
13 timing config:load:file:/usr/local/etc/npmrc Completed in 0ms
14 timing config:load:global Completed in 1ms
15 timing config:load:validate Completed in 0ms
16 timing config:load:credentials Completed in 2ms
17 timing config:load:setEnvs Completed in 5ms
18 timing config:load Completed in 36ms
19 timing npm:load:configload Completed in 36ms
20 timing npm:load:mkdirpcache Completed in 8ms
21 timing npm:load:mkdirplogs Completed in 4ms
22 verbose title npm install types-registry@latest
23 verbose argv "install" "--ignore-scripts" "types-registry@latest"
24 timing npm:load:setTitle Completed in 3ms
25 timing config:load:flatten Completed in 5ms
26 timing npm:load:display Completed in 9ms
27 verbose logfile logs-max:10 dir:/home/jeanlp/.npm/_logs
28 verbose logfile /home/jeanlp/.npm/_logs/2022-07-09T13_27_54_265Z-debug-0.log
29 timing npm:load:logFile Completed in 17ms
30 timing npm:load:timers Completed in 0ms
31 timing npm:load:configScope Completed in 0ms
32 timing npm:load Completed in 79ms
33 timing arborist:ctor Completed in 1ms
34 silly logfile done cleaning log files
35 timing arborist:ctor Completed in 1ms
36 timing idealTree:init Completed in 64ms
37 http fetch GET 200 https://registry.npmjs.org/types-registry 424ms (cache miss)
38 timing idealTree:userRequests Completed in 467ms
39 silly idealTree buildDeps
40 silly fetch manifest types-registry@0.1.599
41 silly placeDep ROOT types-registry@0.1.599 OK for:  want: 0.1.599
42 timing idealTree:#root Completed in 13ms
43 timing idealTree:node_modules/types-registry Completed in 0ms
44 timing idealTree:buildDeps Completed in 15ms
45 timing idealTree:fixDepFlags Completed in 1ms
46 timing idealTree Completed in 548ms
47 timing reify:loadTrees Completed in 550ms
48 timing reify:diffTrees Completed in 3ms
49 silly reify moves {}
50 timing reify:retireShallow Completed in 2ms
51 timing reify:createSparse Completed in 3ms
52 timing reify:loadBundles Completed in 0ms
53 silly audit bulk request { 'types-registry': [ '0.1.599' ] }
54 silly tarball no local data for types-registry@https://registry.npmjs.org/types-registry/-/types-registry-0.1.599.tgz. Extracting by manifest.
55 http fetch GET 200 https://registry.npmjs.org/types-registry/-/types-registry-0.1.599.tgz 227ms (cache miss)
56 timing reifyNode:node_modules/types-registry Completed in 235ms
57 timing reify:unpack Completed in 235ms
58 timing reify:unretire Completed in 1ms
59 http fetch POST 200 https://registry.npmjs.org/-/npm/v1/security/advisories/bulk 241ms
60 timing auditReport:getReport Completed in 244ms
61 silly audit report {}
62 timing auditReport:init Completed in 0ms
63 timing reify:audit Completed in 245ms
64 timing build:queue Completed in 8ms
65 timing build:deps Completed in 8ms
66 timing build Completed in 8ms
67 timing reify:build Completed in 9ms
68 timing reify:trash Completed in 0ms
69 timing reify:save Completed in 7ms
70 timing reify Completed in 833ms
71 silly ADD node_modules/types-registry
72 timing command:install Completed in 841ms
73 verbose exit 0
74 timing npm Completed in 1059ms
75 info ok
