0 verbose cli /usr/local/bin/node /usr/local/bin/npm
1 info using npm@8.11.0
2 info using node@v16.16.0
3 timing npm:load:whichnode Completed in 0ms
4 timing config:load:defaults Completed in 2ms
5 timing config:load:file:/usr/local/lib/node_modules/npm/npmrc Completed in 1ms
6 timing config:load:builtin Completed in 1ms
7 timing config:load:cli Completed in 5ms
8 timing config:load:env Completed in 0ms
9 timing config:load:file:/home/jeanlp/.cache/typescript/4.7/.npmrc Completed in 1ms
10 timing config:load:project Completed in 4ms
11 timing config:load:file:/home/jeanlp/.npmrc Completed in 0ms
12 timing config:load:user Completed in 0ms
13 timing config:load:file:/usr/local/etc/npmrc Completed in 8ms
14 timing config:load:global Completed in 9ms
15 timing config:load:validate Completed in 1ms
16 timing config:load:credentials Completed in 4ms
17 timing config:load:setEnvs Completed in 2ms
18 timing config:load Completed in 29ms
19 timing npm:load:configload Completed in 29ms
20 timing npm:load:mkdirpcache Completed in 1ms
21 timing npm:load:mkdirplogs Completed in 0ms
22 verbose title npm install types-registry@latest
23 verbose argv "install" "--ignore-scripts" "types-registry@latest"
24 timing npm:load:setTitle Completed in 1ms
25 timing config:load:flatten Completed in 3ms
26 timing npm:load:display Completed in 4ms
27 verbose logfile logs-max:10 dir:/home/jeanlp/.npm/_logs
28 verbose logfile /home/jeanlp/.npm/_logs/2022-07-11T11_12_36_216Z-debug-0.log
29 timing npm:load:logFile Completed in 6ms
30 timing npm:load:timers Completed in 0ms
31 timing npm:load:configScope Completed in 0ms
32 timing npm:load Completed in 42ms
33 timing arborist:ctor Completed in 0ms
34 silly logfile done cleaning log files
35 timing idealTree:init Completed in 23ms
36 timing arborist:ctor Completed in 0ms
37 http fetch GET 200 https://registry.npmjs.org/types-registry 415ms (cache updated)
38 timing idealTree:userRequests Completed in 429ms
39 silly idealTree buildDeps
40 silly fetch manifest types-registry@0.1.600
41 silly placeDep ROOT types-registry@0.1.600 REPLACE for:  want: 0.1.600
42 timing idealTree:#root Completed in 11ms
43 timing idealTree:node_modules/types-registry Completed in 0ms
44 timing idealTree:buildDeps Completed in 13ms
45 timing idealTree:fixDepFlags Completed in 0ms
46 timing idealTree Completed in 469ms
47 timing reify:loadTrees Completed in 469ms
48 timing reify:diffTrees Completed in 2ms
49 silly reify mark retired [ '/home/jeanlp/.cache/typescript/4.7/node_modules/types-registry' ]
50 silly reify moves {
50 silly reify   '/home/jeanlp/.cache/typescript/4.7/node_modules/types-registry': '/home/jeanlp/.cache/typescript/4.7/node_modules/.types-registry-xT1x3FU3'
50 silly reify }
51 timing reify:retireShallow Completed in 9ms
52 timing reify:createSparse Completed in 2ms
53 timing reify:loadBundles Completed in 0ms
54 silly audit bulk request { 'types-registry': [ '0.1.600' ] }
55 silly tarball no local data for types-registry@https://registry.npmjs.org/types-registry/-/types-registry-0.1.600.tgz. Extracting by manifest.
56 http fetch POST 200 https://registry.npmjs.org/-/npm/v1/security/advisories/bulk 219ms
57 timing auditReport:getReport Completed in 221ms
58 silly audit report {}
59 timing auditReport:init Completed in 0ms
60 timing reify:audit Completed in 222ms
61 http fetch GET 200 https://registry.npmjs.org/types-registry/-/types-registry-0.1.600.tgz 218ms (cache miss)
62 timing reifyNode:node_modules/types-registry Completed in 231ms
63 timing reify:unpack Completed in 231ms
64 timing reify:unretire Completed in 0ms
65 timing build:queue Completed in 7ms
66 timing build:deps Completed in 7ms
67 timing build Completed in 7ms
68 timing reify:build Completed in 7ms
69 timing reify:trash Completed in 3ms
70 timing reify:save Completed in 7ms
71 timing reify Completed in 749ms
72 silly CHANGE node_modules/types-registry
73 timing command:install Completed in 756ms
74 verbose exit 0
75 timing npm Completed in 1197ms
76 info ok
